<?xml version="1.0" encoding="UTF-8"?>
<!-- Generated by org.testng.reporters.JUnitReportReporter -->
<testsuite hostname="Sreeharshas-Air.attlocal.net" failures="0" tests="1" name="com.selenium.UploadDownload" time="43.150" errors="0" timestamp="2024-05-01T12:51:31 CDT" skipped="0">
  <testcase classname="com.selenium.UploadDownload" name="testUploadDownload" time="43.150"/>
</testsuite> <!-- com.selenium.UploadDownload -->
