<?xml version="1.0" encoding="UTF-8"?>
<!-- Generated by org.testng.reporters.JUnitReportReporter -->
<testsuite hostname="Sreeharshas-Air.attlocal.net" failures="0" tests="1" name="com.selenium.WebTable" time="42.194" errors="0" timestamp="2024-05-01T13:40:52 CDT" skipped="0">
  <testcase classname="com.selenium.WebTable" name="testWebTable2" time="42.194"/>
</testsuite> <!-- com.selenium.WebTable -->
