<?xml version="1.0" encoding="UTF-8"?>
<!-- Generated by org.testng.reporters.JUnitReportReporter -->
<testsuite hostname="Sreeharshas-Air.attlocal.net" failures="0" tests="1" name="com.selenium.GetExample" time="15.389" errors="0" timestamp="2024-04-24T19:14:04 CDT" skipped="0">
  <testcase classname="com.selenium.GetExample" name="testFacebook" time="15.389"/>
</testsuite> <!-- com.selenium.GetExample -->
