<?xml version="1.0" encoding="UTF-8"?>
<!-- Generated by org.testng.reporters.JUnitReportReporter -->
<testsuite hostname="Sreeharshas-MacBook-Air.local" failures="0" tests="2" name="com.selenium.CheckBox" time="80.737" errors="0" timestamp="2024-04-28T12:48:49 CDT" skipped="0">
  <testcase classname="com.selenium.CheckBox" name="testCheckbox" time="33.876"/>
  <testcase classname="com.selenium.CheckBox" name="testCheckbox" time="46.861"/>
</testsuite> <!-- com.selenium.CheckBox -->
