<?xml version="1.0" encoding="UTF-8"?>
<!-- Generated by org.testng.reporters.JUnitReportReporter -->
<testsuite hostname="Sreeharshas-Air.attlocal.net" failures="0" tests="4" name="com.test.TestAttributes" time="0.005" errors="0" timestamp="2024-04-23T22:15:56 CDT" skipped="0">
  <testcase classname="com.test.TestAttributes" name="testTest2" time="0.003"/>
  <testcase classname="com.test.TestAttributes" name="testTest3" time="0.001"/>
  <testcase classname="com.test.TestAttributes" name="testTest1" time="0.001"/>
  <testcase classname="com.test.TestAttributes" name="testTest4" time="0.000"/>
</testsuite> <!-- com.test.TestAttributes -->
