<?xml version="1.0" encoding="UTF-8"?>
<!-- Generated by org.testng.reporters.JUnitReportReporter -->
<testsuite hostname="Sreeharshas-MacBook-Air.local" failures="0" tests="1" name="com.api.test.TestAPI" time="0.979" errors="0" timestamp="2024-05-02T13:54:27 CDT" skipped="0">
  <testcase classname="com.api.test.TestAPI" name="deleteAPI" time="0.979"/>
</testsuite> <!-- com.api.test.TestAPI -->
