<?xml version="1.0" encoding="UTF-8"?>
<!-- Generated by org.testng.reporters.JUnitReportReporter -->
<testsuite hostname="Sreeharshas-Air.attlocal.net" failures="0" tests="2" name="com.test.Example" time="0.003" errors="0" timestamp="2024-04-23T15:27:16 CDT" skipped="0">
  <testcase classname="com.test.Example" name="testAssert" time="0.000"/>
  <testcase classname="com.test.Example" name="test2" time="0.003"/>
</testsuite> <!-- com.test.Example -->
