<?xml version="1.0" encoding="UTF-8"?>
<!-- Generated by org.testng.reporters.JUnitReportReporter -->
<testsuite hostname="Sreeharshas-MacBook-Air.local" failures="0" tests="1" name="com.selenium.jsExecutor" time="26.045" errors="0" timestamp="2024-05-03T14:48:01 CDT" skipped="0">
  <testcase classname="com.selenium.jsExecutor" name="testjsExecutor" time="26.045"/>
</testsuite> <!-- com.selenium.jsExecutor -->
