<?xml version="1.0" encoding="UTF-8"?>
<!-- Generated by org.testng.reporters.JUnitReportReporter -->
<testsuite hostname="Sreeharshas-Air.attlocal.net" failures="0" tests="1" name="com.selenium.Facebook" time="12.332" errors="0" timestamp="2024-04-24T17:52:46 CDT" skipped="0">
  <testcase classname="com.selenium.Facebook" name="testFacebook" time="12.332"/>
</testsuite> <!-- com.selenium.Facebook -->
