<?xml version="1.0" encoding="UTF-8"?>
<!-- Generated by org.testng.reporters.JUnitReportReporter -->
<testsuite hostname="Sreeharshas-MacBook-Air.local" failures="0" tests="1" name="com.selenium.FacebookSignup" time="23.079" errors="0" timestamp="2024-04-25T16:15:15 CDT" skipped="0">
  <testcase classname="com.selenium.FacebookSignup" name="testFacebook" time="23.079"/>
</testsuite> <!-- com.selenium.FacebookSignup -->
