<?xml version="1.0" encoding="UTF-8"?>
<!-- Generated by org.testng.reporters.JUnitReportReporter -->
<testsuite hostname="Sreeharshas-Air.attlocal.net" failures="0" tests="1" name="com.selenium.ShadowRoot" time="8.272" errors="0" timestamp="2024-05-01T12:26:02 CDT" skipped="0">
  <testcase classname="com.selenium.ShadowRoot" name="testShadowRoot" time="8.272"/>
</testsuite> <!-- com.selenium.ShadowRoot -->
