<?xml version="1.0" encoding="UTF-8"?>
<!-- Generated by org.testng.reporters.JUnitReportReporter -->
<testsuite hostname="Sreeharshas-Air.attlocal.net" failures="0" tests="1" name="com.selenium.NestedFrames" time="82.729" errors="0" timestamp="2024-04-30T22:54:42 CDT" skipped="0">
  <testcase classname="com.selenium.NestedFrames" name="testNestedFrame" time="82.729"/>
</testsuite> <!-- com.selenium.NestedFrames -->
