<?xml version="1.0" encoding="UTF-8"?>
<!-- Generated by org.testng.reporters.JUnitReportReporter -->
<testsuite hostname="Sreeharshas-Air.attlocal.net" failures="0" tests="1" name="com.test.NewTest" time="0.002" errors="0" timestamp="2024-04-27T16:48:37 CDT" skipped="0">
  <testcase classname="com.test.NewTest" name="f" time="0.002"/>
</testsuite> <!-- com.test.NewTest -->
