<?xml version="1.0" encoding="UTF-8"?>
<!-- Generated by org.testng.reporters.JUnitReportReporter -->
<testsuite hostname="Sreeharshas-Air.attlocal.net" failures="0" tests="1" name="com.selenium.Alerts" time="51.037" errors="0" timestamp="2024-04-28T14:59:05 CDT" skipped="0">
  <testcase classname="com.selenium.Alerts" name="handleAlerts" time="51.037"/>
</testsuite> <!-- com.selenium.Alerts -->
