<?xml version="1.0" encoding="UTF-8"?>
<!-- Generated by org.testng.reporters.JUnitReportReporter -->
<testsuite hostname="Sreeharshas-Air.attlocal.net" failures="0" tests="1" name="com.selenium.DragAndDrop" time="46.577" errors="0" timestamp="2024-05-01T10:32:35 CDT" skipped="0">
  <testcase classname="com.selenium.DragAndDrop" name="testDragAndDrop" time="46.577"/>
</testsuite> <!-- com.selenium.DragAndDrop -->
