<?xml version="1.0" encoding="UTF-8"?>
<!-- Generated by org.testng.reporters.JUnitReportReporter -->
<testsuite hostname="Sreeharshas-MacBook-Air.local" failures="0" tests="1" name="com.api.test.PetStore" time="0.848" errors="0" timestamp="2024-05-02T15:24:52 CDT" skipped="0">
  <testcase classname="com.api.test.PetStore" name="getPetsByStatus" time="0.848"/>
</testsuite> <!-- com.api.test.PetStore -->
