<?xml version="1.0" encoding="UTF-8"?>
<!-- Generated by org.testng.reporters.JUnitReportReporter -->
<testsuite hostname="Sreeharshas-MacBook-Air.local" failures="0" tests="1" name="com.selenium.CaptureScreen" time="15.142" errors="0" timestamp="2024-05-03T13:48:27 CDT" skipped="0">
  <testcase classname="com.selenium.CaptureScreen" name="testCaptureScreen" time="15.142"/>
</testsuite> <!-- com.selenium.CaptureScreen -->
