<?xml version="1.0" encoding="UTF-8"?>
<!-- Generated by org.testng.reporters.JUnitReportReporter -->
<testsuite hostname="Sreeharshas-Air.attlocal.net" failures="0" tests="1" name="com.selenium.WindowHandle" time="66.022" errors="0" timestamp="2024-05-01T11:30:08 CDT" skipped="0">
  <testcase classname="com.selenium.WindowHandle" name="testNewWindow" time="66.022"/>
</testsuite> <!-- com.selenium.WindowHandle -->
