<?xml version="1.0" encoding="UTF-8"?>
<!-- Generated by org.testng.reporters.JUnitReportReporter -->
<testsuite hostname="Sreeharshas-Air.attlocal.net" failures="0" tests="1" name="com.selenium.Buttons" time="55.470" errors="0" timestamp="2024-04-25T17:48:17 CDT" skipped="0">
  <testcase classname="com.selenium.Buttons" name="testFacebook" time="55.470"/>
</testsuite> <!-- com.selenium.Buttons -->
