<?xml version="1.0" encoding="UTF-8"?>
<!-- Generated by org.testng.reporters.JUnitReportReporter -->
<testsuite hostname="Sreeharshas-MacBook-Air.local" failures="0" tests="1" name="com.selenium.Navigation" time="28.337" errors="0" timestamp="2024-05-03T15:00:56 CDT" skipped="0">
  <testcase classname="com.selenium.Navigation" name="testjsExecutor" time="28.337"/>
</testsuite> <!-- com.selenium.Navigation -->
