<?xml version="1.0" encoding="UTF-8"?>
<!-- Generated by org.testng.reporters.JUnitReportReporter -->
<testsuite hostname="Sreeharshas-Air.attlocal.net" failures="0" tests="1" name="com.selenium.GetDriverMethod" time="18.812" errors="0" timestamp="2024-04-25T12:07:14 CDT" skipped="0">
  <testcase classname="com.selenium.GetDriverMethod" name="testFacebook" time="18.812"/>
</testsuite> <!-- com.selenium.GetDriverMethod -->
